Using pre-set license
Built from '2021.1/staging' branch; Version is '2021.1.7f1 (d91830b65d9b) revision 14227504'; Using compiler version '192528614'; Build Type 'Release'
OS: 'Windows 10 Home; OS build 19042.1052; Version 2009; 64bit' Language: 'en' Physical Memory: 16310 MB
BatchMode: 1, IsHumanControllingUs: 0, StartBugReporterOnCrash: 0, Is64bit: 1, IsPro: 0

 COMMAND LINE ARGUMENTS:
C:\Program Files\Unity\Hub\Editor\2021.1.7f1\Editor\Unity.exe
-adb2
-batchMode
-noUpm
-name
AssetImportWorker0
-projectPath
C:/Users/STUWU/Documents/GitHub/ShapeCombat
-logFile
Logs/AssetImportWorker0.log
-srvPort
49992
Successfully changed project path to: C:/Users/STUWU/Documents/GitHub/ShapeCombat
C:/Users/STUWU/Documents/GitHub/ShapeCombat
Using Asset Import Pipeline V2.
Refreshing native plugins compatible for Editor in 57.36 ms, found 1 plugins.
Preloading 0 native plugins for Editor in 0.00 ms.
Initialize engine version: 2021.1.7f1 (d91830b65d9b)
[Subsystems] Discovering subsystems at path C:/Program Files/Unity/Hub/Editor/2021.1.7f1/Editor/Data/Resources/UnitySubsystems
[Subsystems] Discovering subsystems at path C:/Users/STUWU/Documents/GitHub/ShapeCombat/Assets
GfxDevice: creating device client; threaded=0; jobified=0
Direct3D:
    Version:  Direct3D 11.0 [level 11.1]
    Renderer: NVIDIA GeForce RTX 3060 Ti (ID=0x2486)
    Vendor:   NVIDIA
    VRAM:     8050 MB
    Driver:   27.21.14.6140
Shader 'Universal Render Pipeline/Particles/Lit': fallback shader 'Universal Render Pipeline/Particles/SimpleLit' not found
Initialize mono
Mono path[0] = 'C:/Program Files/Unity/Hub/Editor/2021.1.7f1/Editor/Data/Managed'
Mono path[1] = 'C:/Program Files/Unity/Hub/Editor/2021.1.7f1/Editor/Data/MonoBleedingEdge/lib/mono/unityjit'
Mono config path = 'C:/Program Files/Unity/Hub/Editor/2021.1.7f1/Editor/Data/MonoBleedingEdge/etc'
Using monoOptions --debugger-agent=transport=dt_socket,embedding=1,server=y,suspend=n,address=127.0.0.1:56152
Begin MonoManager ReloadAssembly
Registering precompiled unity dll's ...
Register platform support module: C:/Program Files/Unity/Hub/Editor/2021.1.7f1/Editor/Data/PlaybackEngines/WindowsStandaloneSupport/UnityEditor.WindowsStandalone.Extensions.dll
Registered in 0.001427 seconds.
Native extension for WindowsStandalone target not found
Refreshing native plugins compatible for Editor in 54.49 ms, found 1 plugins.
Preloading 0 native plugins for Editor in 0.00 ms.
Mono: successfully reloaded assembly
- Completed reload, in  1.038 seconds
Platform modules already initialized, skipping
Registering precompiled user dll's ...
Registered in 0.005439 seconds.
Begin MonoManager ReloadAssembly
Native extension for WindowsStandalone target not found
Refreshing native plugins compatible for Editor in 56.40 ms, found 1 plugins.
Preloading 0 native plugins for Editor in 0.00 ms.
Mono: successfully reloaded assembly
- Completed reload, in  1.187 seconds
Platform modules already initialized, skipping
========================================================================
Worker process is ready to serve import requests
Shader 'Universal Render Pipeline/Particles/Lit': fallback shader 'Universal Render Pipeline/Particles/SimpleLit' not found
Launched and connected shader compiler UnityShaderCompiler.exe after 0.04 seconds
Refreshing native plugins compatible for Editor in 0.63 ms, found 1 plugins.
Preloading 0 native plugins for Editor in 0.00 ms.
Unloading 3631 Unused Serialized files (Serialized files now loaded: 0)
System memory in use before: 174.6 MB.
System memory in use after: 174.8 MB.

Unloading 34 unused Assets to reduce memory usage. Loaded Objects now: 4087.
Total: 3.683300 ms (FindLiveObjects: 0.545600 ms CreateObjectMapping: 0.388300 ms MarkObjects: 2.648000 ms  DeleteObjects: 0.100700 ms)

========================================================================
Received Import Request.
  path: Assets/_Project/Resources/Prefabs/Buddeye.prefab
  artifactKey: Guid(394b4aa67c1630f449438bf21fd5120f) Importer(815301076,1909f56bfc062723c751e8b465ee728b)
Start importing Assets/_Project/Resources/Prefabs/Buddeye.prefab using Guid(394b4aa67c1630f449438bf21fd5120f) Importer(815301076,1909f56bfc062723c751e8b465ee728b)  -> (artifact id: 'd8a0122b30fb62e91d8bd1a1e95d4d35') in 0.205118 seconds 
========================================================================
Received Prepare
Registering precompiled user dll's ...
Registered in 0.005391 seconds.
Begin MonoManager ReloadAssembly
Native extension for WindowsStandalone target not found
Refreshing native plugins compatible for Editor in 0.62 ms, found 1 plugins.
Preloading 0 native plugins for Editor in 0.00 ms.
Mono: successfully reloaded assembly
- Completed reload, in  1.057 seconds
Platform modules already initialized, skipping
Shader 'Universal Render Pipeline/Particles/Lit': fallback shader 'Universal Render Pipeline/Particles/SimpleLit' not found
Refreshing native plugins compatible for Editor in 0.74 ms, found 1 plugins.
Preloading 0 native plugins for Editor in 0.00 ms.
Unloading 3456 Unused Serialized files (Serialized files now loaded: 0)
System memory in use before: 167.3 MB.
System memory in use after: 167.5 MB.

Unloading 22 unused Assets to reduce memory usage. Loaded Objects now: 4142.
Total: 3.331700 ms (FindLiveObjects: 0.315000 ms CreateObjectMapping: 0.277100 ms MarkObjects: 2.676300 ms  DeleteObjects: 0.062600 ms)

========================================================================
Received Prepare
Registering precompiled user dll's ...
Registered in 0.007725 seconds.
Begin MonoManager ReloadAssembly
Native extension for WindowsStandalone target not found
Refreshing native plugins compatible for Editor in 0.88 ms, found 1 plugins.
Preloading 0 native plugins for Editor in 0.00 ms.
Mono: successfully reloaded assembly
- Completed reload, in  1.416 seconds
Platform modules already initialized, skipping
Shader 'Universal Render Pipeline/Particles/Lit': fallback shader 'Universal Render Pipeline/Particles/SimpleLit' not found
Refreshing native plugins compatible for Editor in 0.95 ms, found 1 plugins.
Preloading 0 native plugins for Editor in 0.00 ms.
Unloading 3456 Unused Serialized files (Serialized files now loaded: 0)
System memory in use before: 167.4 MB.
System memory in use after: 167.6 MB.

Unloading 22 unused Assets to reduce memory usage. Loaded Objects now: 4148.
Total: 5.411800 ms (FindLiveObjects: 0.431400 ms CreateObjectMapping: 0.666900 ms MarkObjects: 4.251200 ms  DeleteObjects: 0.061200 ms)

========================================================================
Received Prepare
Registering precompiled user dll's ...
Registered in 0.005427 seconds.
Begin MonoManager ReloadAssembly
Native extension for WindowsStandalone target not found
Refreshing native plugins compatible for Editor in 0.78 ms, found 1 plugins.
Preloading 0 native plugins for Editor in 0.00 ms.
Mono: successfully reloaded assembly
- Completed reload, in  0.974 seconds
Platform modules already initialized, skipping
Shader 'Universal Render Pipeline/Particles/Lit': fallback shader 'Universal Render Pipeline/Particles/SimpleLit' not found
Refreshing native plugins compatible for Editor in 0.69 ms, found 1 plugins.
Preloading 0 native plugins for Editor in 0.00 ms.
Unloading 3456 Unused Serialized files (Serialized files now loaded: 0)
System memory in use before: 167.3 MB.
System memory in use after: 167.6 MB.

Unloading 22 unused Assets to reduce memory usage. Loaded Objects now: 4154.
Total: 2.765200 ms (FindLiveObjects: 0.269600 ms CreateObjectMapping: 0.170200 ms MarkObjects: 2.283300 ms  DeleteObjects: 0.041500 ms)

========================================================================
Received Prepare
Registering precompiled user dll's ...
Registered in 0.005975 seconds.
Begin MonoManager ReloadAssembly
Native extension for WindowsStandalone target not found
Refreshing native plugins compatible for Editor in 0.85 ms, found 1 plugins.
Preloading 0 native plugins for Editor in 0.00 ms.
Mono: successfully reloaded assembly
- Completed reload, in  1.240 seconds
Platform modules already initialized, skipping
Shader 'Universal Render Pipeline/Particles/Lit': fallback shader 'Universal Render Pipeline/Particles/SimpleLit' not found
Refreshing native plugins compatible for Editor in 0.96 ms, found 1 plugins.
Preloading 0 native plugins for Editor in 0.00 ms.
Unloading 3456 Unused Serialized files (Serialized files now loaded: 0)
System memory in use before: 167.3 MB.
System memory in use after: 167.6 MB.

Unloading 22 unused Assets to reduce memory usage. Loaded Objects now: 4160.
Total: 3.906800 ms (FindLiveObjects: 0.495300 ms CreateObjectMapping: 0.374000 ms MarkObjects: 2.985700 ms  DeleteObjects: 0.050400 ms)

========================================================================
Received Prepare
Registering precompiled user dll's ...
Registered in 0.011936 seconds.
Begin MonoManager ReloadAssembly
Native extension for WindowsStandalone target not found
Refreshing native plugins compatible for Editor in 0.88 ms, found 1 plugins.
Preloading 0 native plugins for Editor in 0.00 ms.
Mono: successfully reloaded assembly
- Completed reload, in  2.957 seconds
Platform modules already initialized, skipping
Shader 'Universal Render Pipeline/Particles/Lit': fallback shader 'Universal Render Pipeline/Particles/SimpleLit' not found
Refreshing native plugins compatible for Editor in 0.75 ms, found 1 plugins.
Preloading 0 native plugins for Editor in 0.00 ms.
Unloading 3456 Unused Serialized files (Serialized files now loaded: 0)
System memory in use before: 167.4 MB.
System memory in use after: 167.6 MB.

Unloading 22 unused Assets to reduce memory usage. Loaded Objects now: 4166.
Total: 4.344400 ms (FindLiveObjects: 0.421900 ms CreateObjectMapping: 0.246700 ms MarkObjects: 3.596900 ms  DeleteObjects: 0.077600 ms)

========================================================================
Received Prepare
Registering precompiled user dll's ...
Registered in 0.007547 seconds.
Begin MonoManager ReloadAssembly
Native extension for WindowsStandalone target not found
Refreshing native plugins compatible for Editor in 2.17 ms, found 1 plugins.
Preloading 0 native plugins for Editor in 0.00 ms.
Mono: successfully reloaded assembly
- Completed reload, in  1.462 seconds
Platform modules already initialized, skipping
Shader 'Universal Render Pipeline/Particles/Lit': fallback shader 'Universal Render Pipeline/Particles/SimpleLit' not found
Refreshing native plugins compatible for Editor in 0.92 ms, found 1 plugins.
Preloading 0 native plugins for Editor in 0.00 ms.
Unloading 3456 Unused Serialized files (Serialized files now loaded: 0)
System memory in use before: 167.4 MB.
System memory in use after: 167.6 MB.

Unloading 22 unused Assets to reduce memory usage. Loaded Objects now: 4172.
Total: 6.434100 ms (FindLiveObjects: 0.752400 ms CreateObjectMapping: 0.476600 ms MarkObjects: 5.029700 ms  DeleteObjects: 0.172900 ms)

========================================================================
Received Prepare
Registering precompiled user dll's ...
Registered in 0.006148 seconds.
Begin MonoManager ReloadAssembly
Native extension for WindowsStandalone target not found
Refreshing native plugins compatible for Editor in 0.63 ms, found 1 plugins.
Preloading 0 native plugins for Editor in 0.00 ms.
Mono: successfully reloaded assembly
- Completed reload, in  1.121 seconds
Platform modules already initialized, skipping
Shader 'Universal Render Pipeline/Particles/Lit': fallback shader 'Universal Render Pipeline/Particles/SimpleLit' not found
Refreshing native plugins compatible for Editor in 0.65 ms, found 1 plugins.
Preloading 0 native plugins for Editor in 0.00 ms.
Unloading 3456 Unused Serialized files (Serialized files now loaded: 0)
System memory in use before: 167.4 MB.
System memory in use after: 167.6 MB.

Unloading 22 unused Assets to reduce memory usage. Loaded Objects now: 4178.
Total: 3.456400 ms (FindLiveObjects: 0.375800 ms CreateObjectMapping: 0.283900 ms MarkObjects: 2.717300 ms  DeleteObjects: 0.078500 ms)

========================================================================
Received Prepare
Registering precompiled user dll's ...
Registered in 0.011765 seconds.
Begin MonoManager ReloadAssembly
Native extension for WindowsStandalone target not found
Refreshing native plugins compatible for Editor in 0.97 ms, found 1 plugins.
Preloading 0 native plugins for Editor in 0.00 ms.
Mono: successfully reloaded assembly
- Completed reload, in  1.491 seconds
Platform modules already initialized, skipping
Shader 'Universal Render Pipeline/Particles/Lit': fallback shader 'Universal Render Pipeline/Particles/SimpleLit' not found
Refreshing native plugins compatible for Editor in 1.76 ms, found 1 plugins.
Preloading 0 native plugins for Editor in 0.00 ms.
Unloading 3456 Unused Serialized files (Serialized files now loaded: 0)
System memory in use before: 167.4 MB.
System memory in use after: 167.6 MB.

Unloading 22 unused Assets to reduce memory usage. Loaded Objects now: 4184.
Total: 7.563000 ms (FindLiveObjects: 0.915500 ms CreateObjectMapping: 0.778700 ms MarkObjects: 5.777900 ms  DeleteObjects: 0.089300 ms)

========================================================================
Received Prepare
Registering precompiled user dll's ...
Registered in 0.006732 seconds.
Begin MonoManager ReloadAssembly
Native extension for WindowsStandalone target not found
Refreshing native plugins compatible for Editor in 0.76 ms, found 1 plugins.
Preloading 0 native plugins for Editor in 0.00 ms.
Mono: successfully reloaded assembly
- Completed reload, in  1.079 seconds
Platform modules already initialized, skipping
Shader 'Universal Render Pipeline/Particles/Lit': fallback shader 'Universal Render Pipeline/Particles/SimpleLit' not found
Refreshing native plugins compatible for Editor in 0.79 ms, found 1 plugins.
Preloading 0 native plugins for Editor in 0.00 ms.
Unloading 3456 Unused Serialized files (Serialized files now loaded: 0)
System memory in use before: 167.4 MB.
System memory in use after: 167.6 MB.

Unloading 22 unused Assets to reduce memory usage. Loaded Objects now: 4190.
Total: 4.476700 ms (FindLiveObjects: 0.504000 ms CreateObjectMapping: 0.413200 ms MarkObjects: 3.405300 ms  DeleteObjects: 0.152700 ms)

========================================================================
Received Prepare
Registering precompiled user dll's ...
Registered in 0.008461 seconds.
Begin MonoManager ReloadAssembly
Native extension for WindowsStandalone target not found
Refreshing native plugins compatible for Editor in 1.35 ms, found 1 plugins.
Preloading 0 native plugins for Editor in 0.00 ms.
Mono: successfully reloaded assembly
- Completed reload, in  1.453 seconds
Platform modules already initialized, skipping
Shader 'Universal Render Pipeline/Particles/Lit': fallback shader 'Universal Render Pipeline/Particles/SimpleLit' not found
Refreshing native plugins compatible for Editor in 1.32 ms, found 1 plugins.
Preloading 0 native plugins for Editor in 0.00 ms.
Unloading 3456 Unused Serialized files (Serialized files now loaded: 0)
System memory in use before: 167.4 MB.
System memory in use after: 167.6 MB.

Unloading 22 unused Assets to reduce memory usage. Loaded Objects now: 4196.
Total: 4.627500 ms (FindLiveObjects: 0.364600 ms CreateObjectMapping: 0.242700 ms MarkObjects: 3.935900 ms  DeleteObjects: 0.082900 ms)

========================================================================
Received Prepare
Registering precompiled user dll's ...
Registered in 0.008831 seconds.
Begin MonoManager ReloadAssembly
Native extension for WindowsStandalone target not found
Refreshing native plugins compatible for Editor in 0.72 ms, found 1 plugins.
Preloading 0 native plugins for Editor in 0.00 ms.
Mono: successfully reloaded assembly
- Completed reload, in  1.052 seconds
Platform modules already initialized, skipping
Shader 'Universal Render Pipeline/Particles/Lit': fallback shader 'Universal Render Pipeline/Particles/SimpleLit' not found
Refreshing native plugins compatible for Editor in 0.69 ms, found 1 plugins.
Preloading 0 native plugins for Editor in 0.00 ms.
Unloading 3456 Unused Serialized files (Serialized files now loaded: 0)
System memory in use before: 167.4 MB.
System memory in use after: 167.7 MB.

Unloading 22 unused Assets to reduce memory usage. Loaded Objects now: 4202.
Total: 3.034300 ms (FindLiveObjects: 0.286800 ms CreateObjectMapping: 0.177600 ms MarkObjects: 2.434500 ms  DeleteObjects: 0.134700 ms)

========================================================================
Received Prepare
Registering precompiled user dll's ...
Registered in 0.005713 seconds.
Begin MonoManager ReloadAssembly
Native extension for WindowsStandalone target not found
Refreshing native plugins compatible for Editor in 0.59 ms, found 1 plugins.
Preloading 0 native plugins for Editor in 0.00 ms.
Mono: successfully reloaded assembly
- Completed reload, in  1.119 seconds
Platform modules already initialized, skipping
Shader 'Universal Render Pipeline/Particles/Lit': fallback shader 'Universal Render Pipeline/Particles/SimpleLit' not found
Refreshing native plugins compatible for Editor in 0.66 ms, found 1 plugins.
Preloading 0 native plugins for Editor in 0.00 ms.
Unloading 3456 Unused Serialized files (Serialized files now loaded: 0)
System memory in use before: 167.4 MB.
System memory in use after: 167.7 MB.

Unloading 22 unused Assets to reduce memory usage. Loaded Objects now: 4208.
Total: 3.645200 ms (FindLiveObjects: 0.274000 ms CreateObjectMapping: 0.206300 ms MarkObjects: 3.058300 ms  DeleteObjects: 0.105900 ms)

========================================================================
Received Prepare
Registering precompiled user dll's ...
Registered in 0.009813 seconds.
Begin MonoManager ReloadAssembly
Native extension for WindowsStandalone target not found
Refreshing native plugins compatible for Editor in 0.89 ms, found 1 plugins.
Preloading 0 native plugins for Editor in 0.00 ms.
Mono: successfully reloaded assembly
- Completed reload, in  1.621 seconds
Platform modules already initialized, skipping
Shader 'Universal Render Pipeline/Particles/Lit': fallback shader 'Universal Render Pipeline/Particles/SimpleLit' not found
Refreshing native plugins compatible for Editor in 1.27 ms, found 1 plugins.
Preloading 0 native plugins for Editor in 0.00 ms.
Unloading 3456 Unused Serialized files (Serialized files now loaded: 0)
System memory in use before: 167.4 MB.
System memory in use after: 167.7 MB.

Unloading 22 unused Assets to reduce memory usage. Loaded Objects now: 4214.
Total: 5.516200 ms (FindLiveObjects: 0.481700 ms CreateObjectMapping: 0.355600 ms MarkObjects: 4.590800 ms  DeleteObjects: 0.086900 ms)

========================================================================
Received Import Request.
  Time since last request: 13866.621064 seconds.
  path: Assets/_Project/Resources/Sprites/Testing/palette2.png
  artifactKey: Guid(0b722ccbc644f9948aeb8e01fc39a121) Importer(815301076,1909f56bfc062723c751e8b465ee728b)
Start importing Assets/_Project/Resources/Sprites/Testing/palette2.png using Guid(0b722ccbc644f9948aeb8e01fc39a121) Importer(815301076,1909f56bfc062723c751e8b465ee728b)  -> (artifact id: '33bc97136c19e81a366907e50446f2cc') in 0.234901 seconds 
========================================================================
Received Import Request.
  Time since last request: 92.571870 seconds.
  path: Assets/_Project/Resources/Sprites/Ennemies/_Finlessfish.png
  artifactKey: Guid(825c8c8235fad3f41b68396d9b753300) Importer(815301076,1909f56bfc062723c751e8b465ee728b)
Start importing Assets/_Project/Resources/Sprites/Ennemies/_Finlessfish.png using Guid(825c8c8235fad3f41b68396d9b753300) Importer(815301076,1909f56bfc062723c751e8b465ee728b)  -> (artifact id: '2f8b0157dbf8b61d05eba6319e6b8b56') in 0.030014 seconds 
========================================================================
Received Import Request.
  Time since last request: 52.714527 seconds.
  path: Assets/_Project/Resources/Sprites/Ennemies
  artifactKey: Guid(3e7de3f67f6913d4aab2e4903019f397) Importer(815301076,1909f56bfc062723c751e8b465ee728b)
Start importing Assets/_Project/Resources/Sprites/Ennemies using Guid(3e7de3f67f6913d4aab2e4903019f397) Importer(815301076,1909f56bfc062723c751e8b465ee728b)  -> (artifact id: '05d00e2aac0dd61997e4e1b91a713c57') in 0.005931 seconds 
========================================================================
Received Import Request.
  Time since last request: 10.291478 seconds.
  path: Assets/_Project/Resources/Sprites/Ennemies/Finless.asset
  artifactKey: Guid(50ee58571aa7dfc4fae172a9126f830e) Importer(815301076,1909f56bfc062723c751e8b465ee728b)
Start importing Assets/_Project/Resources/Sprites/Ennemies/Finless.asset using Guid(50ee58571aa7dfc4fae172a9126f830e) Importer(815301076,1909f56bfc062723c751e8b465ee728b)  -> (artifact id: '915b45862e434419a8581f2c0ac9111e') in 0.008924 seconds 
========================================================================
Received Import Request.
  Time since last request: 86.704083 seconds.
  path: Assets/_Project/Resources/Sprites/Ennemies/FinlessAnimations.asset
  artifactKey: Guid(50ee58571aa7dfc4fae172a9126f830e) Importer(815301076,1909f56bfc062723c751e8b465ee728b)
Start importing Assets/_Project/Resources/Sprites/Ennemies/FinlessAnimations.asset using Guid(50ee58571aa7dfc4fae172a9126f830e) Importer(815301076,1909f56bfc062723c751e8b465ee728b)  -> (artifact id: '73f7414c0e521a7ef440eb170d19fad7') in 0.006449 seconds 
========================================================================
Received Import Request.
  Time since last request: 38.950236 seconds.
  path: Assets/_Project/Resources/Sprites/Ennemies/Bullets.aseprite
  artifactKey: Guid(5932d3a7ad97d8047aecc4ef88153d3a) Importer(815301076,1909f56bfc062723c751e8b465ee728b)
Start importing Assets/_Project/Resources/Sprites/Ennemies/Bullets.aseprite using Guid(5932d3a7ad97d8047aecc4ef88153d3a) Importer(815301076,1909f56bfc062723c751e8b465ee728b)  -> (artifact id: '019a4a7b1f11363bfa93584d8742a8ef') in 0.008914 seconds 
========================================================================
Received Import Request.
  Time since last request: 32.104451 seconds.
  path: Assets/_Project/Scripts/Enemies/Finless.cs
  artifactKey: Guid(7e6bcea6d49caf64d9a964719740fcc7) Importer(815301076,1909f56bfc062723c751e8b465ee728b)
Start importing Assets/_Project/Scripts/Enemies/Finless.cs using Guid(7e6bcea6d49caf64d9a964719740fcc7) Importer(815301076,1909f56bfc062723c751e8b465ee728b)  -> (artifact id: '68689b8b857d9fba7930e3fc77390fe2') in 0.006541 seconds 
========================================================================
Received Prepare
Registering precompiled user dll's ...
Registered in 0.005268 seconds.
Begin MonoManager ReloadAssembly
Native extension for WindowsStandalone target not found
Refreshing native plugins compatible for Editor in 0.60 ms, found 1 plugins.
Preloading 0 native plugins for Editor in 0.00 ms.
Mono: successfully reloaded assembly
- Completed reload, in  1.014 seconds
Platform modules already initialized, skipping
Shader 'Universal Render Pipeline/Particles/Lit': fallback shader 'Universal Render Pipeline/Particles/SimpleLit' not found
Refreshing native plugins compatible for Editor in 0.65 ms, found 1 plugins.
Preloading 0 native plugins for Editor in 0.00 ms.
Unloading 3459 Unused Serialized files (Serialized files now loaded: 0)
System memory in use before: 168.6 MB.
System memory in use after: 168.9 MB.

Unloading 22 unused Assets to reduce memory usage. Loaded Objects now: 4257.
Total: 3.488600 ms (FindLiveObjects: 0.405000 ms CreateObjectMapping: 0.220100 ms MarkObjects: 2.703600 ms  DeleteObjects: 0.159200 ms)

========================================================================
Received Import Request.
  Time since last request: 62.976876 seconds.
  path: Assets/_Project/Scripts/Enemies/Finless.cs
  artifactKey: Guid(7e6bcea6d49caf64d9a964719740fcc7) Importer(815301076,1909f56bfc062723c751e8b465ee728b)
Start importing Assets/_Project/Scripts/Enemies/Finless.cs using Guid(7e6bcea6d49caf64d9a964719740fcc7) Importer(815301076,1909f56bfc062723c751e8b465ee728b)  -> (artifact id: 'd985b068825959aea81d0a074dd2dbde') in 0.005388 seconds 
========================================================================
Received Import Request.
  Time since last request: 48.952074 seconds.
  path: Assets/_Project/Resources/Prefabs/Finless.prefab
  artifactKey: Guid(c23b8f0a8da822c4a83a0f49fed1f235) Importer(815301076,1909f56bfc062723c751e8b465ee728b)
Start importing Assets/_Project/Resources/Prefabs/Finless.prefab using Guid(c23b8f0a8da822c4a83a0f49fed1f235) Importer(815301076,1909f56bfc062723c751e8b465ee728b)  -> (artifact id: '318b9931fe06e6fa26719a1cf031ed9b') in 0.157442 seconds 
========================================================================
Received Prepare
Registering precompiled user dll's ...
Registered in 0.005021 seconds.
Begin MonoManager ReloadAssembly
Native extension for WindowsStandalone target not found
Refreshing native plugins compatible for Editor in 0.94 ms, found 1 plugins.
Preloading 0 native plugins for Editor in 0.00 ms.
Mono: successfully reloaded assembly
- Completed reload, in  0.957 seconds
Platform modules already initialized, skipping
Shader 'Universal Render Pipeline/Particles/Lit': fallback shader 'Universal Render Pipeline/Particles/SimpleLit' not found
Refreshing native plugins compatible for Editor in 0.71 ms, found 1 plugins.
Preloading 0 native plugins for Editor in 0.00 ms.
Unloading 3457 Unused Serialized files (Serialized files now loaded: 0)
System memory in use before: 168.7 MB.
System memory in use after: 168.9 MB.

Unloading 22 unused Assets to reduce memory usage. Loaded Objects now: 4299.
Total: 3.954100 ms (FindLiveObjects: 0.401800 ms CreateObjectMapping: 0.347600 ms MarkObjects: 3.135300 ms  DeleteObjects: 0.068800 ms)

========================================================================
Received Prepare
Registering precompiled user dll's ...
Registered in 0.005202 seconds.
Begin MonoManager ReloadAssembly
Native extension for WindowsStandalone target not found
Refreshing native plugins compatible for Editor in 0.70 ms, found 1 plugins.
Preloading 0 native plugins for Editor in 0.00 ms.
Mono: successfully reloaded assembly
- Completed reload, in  0.940 seconds
Platform modules already initialized, skipping
Shader 'Universal Render Pipeline/Particles/Lit': fallback shader 'Universal Render Pipeline/Particles/SimpleLit' not found
Refreshing native plugins compatible for Editor in 0.79 ms, found 1 plugins.
Preloading 0 native plugins for Editor in 0.00 ms.
Unloading 3457 Unused Serialized files (Serialized files now loaded: 0)
System memory in use before: 168.7 MB.
System memory in use after: 168.9 MB.

Unloading 22 unused Assets to reduce memory usage. Loaded Objects now: 4305.
Total: 3.224800 ms (FindLiveObjects: 0.283400 ms CreateObjectMapping: 0.206600 ms MarkObjects: 2.677600 ms  DeleteObjects: 0.056400 ms)

========================================================================
Received Import Request.
  Time since last request: 50.818618 seconds.
  path: Assets/_Project/Resources/Prefabs/Finless.prefab
  artifactKey: Guid(c23b8f0a8da822c4a83a0f49fed1f235) Importer(815301076,1909f56bfc062723c751e8b465ee728b)
Start importing Assets/_Project/Resources/Prefabs/Finless.prefab using Guid(c23b8f0a8da822c4a83a0f49fed1f235) Importer(815301076,1909f56bfc062723c751e8b465ee728b)  -> (artifact id: '8a2dbf5ea18767e526fc2a7302c43ed4') in 0.150515 seconds 
========================================================================
Received Prepare
Registering precompiled user dll's ...
Registered in 0.005130 seconds.
Begin MonoManager ReloadAssembly
Native extension for WindowsStandalone target not found
Refreshing native plugins compatible for Editor in 0.60 ms, found 1 plugins.
Preloading 0 native plugins for Editor in 0.00 ms.
Mono: successfully reloaded assembly
- Completed reload, in  0.950 seconds
Platform modules already initialized, skipping
Shader 'Universal Render Pipeline/Particles/Lit': fallback shader 'Universal Render Pipeline/Particles/SimpleLit' not found
Refreshing native plugins compatible for Editor in 0.66 ms, found 1 plugins.
Preloading 0 native plugins for Editor in 0.00 ms.
Unloading 3457 Unused Serialized files (Serialized files now loaded: 0)
System memory in use before: 168.8 MB.
System memory in use after: 169.0 MB.

Unloading 22 unused Assets to reduce memory usage. Loaded Objects now: 4347.
Total: 2.803800 ms (FindLiveObjects: 0.284900 ms CreateObjectMapping: 0.179600 ms MarkObjects: 2.296400 ms  DeleteObjects: 0.042400 ms)

========================================================================
Received Prepare
Registering precompiled user dll's ...
Registered in 0.005097 seconds.
Begin MonoManager ReloadAssembly
Native extension for WindowsStandalone target not found
Refreshing native plugins compatible for Editor in 0.64 ms, found 1 plugins.
Preloading 0 native plugins for Editor in 0.00 ms.
Mono: successfully reloaded assembly
- Completed reload, in  0.954 seconds
Platform modules already initialized, skipping
Shader 'Universal Render Pipeline/Particles/Lit': fallback shader 'Universal Render Pipeline/Particles/SimpleLit' not found
Refreshing native plugins compatible for Editor in 0.64 ms, found 1 plugins.
Preloading 0 native plugins for Editor in 0.00 ms.
Unloading 3457 Unused Serialized files (Serialized files now loaded: 0)
System memory in use before: 168.8 MB.
System memory in use after: 169.0 MB.

Unloading 22 unused Assets to reduce memory usage. Loaded Objects now: 4353.
Total: 3.076000 ms (FindLiveObjects: 0.295500 ms CreateObjectMapping: 0.175000 ms MarkObjects: 2.496000 ms  DeleteObjects: 0.108800 ms)

========================================================================
Received Prepare
Registering precompiled user dll's ...
Registered in 0.005101 seconds.
Begin MonoManager ReloadAssembly
Native extension for WindowsStandalone target not found
Refreshing native plugins compatible for Editor in 0.61 ms, found 1 plugins.
Preloading 0 native plugins for Editor in 0.00 ms.
Mono: successfully reloaded assembly
- Completed reload, in  0.956 seconds
Platform modules already initialized, skipping
Shader 'Universal Render Pipeline/Particles/Lit': fallback shader 'Universal Render Pipeline/Particles/SimpleLit' not found
Refreshing native plugins compatible for Editor in 0.72 ms, found 1 plugins.
Preloading 0 native plugins for Editor in 0.00 ms.
Unloading 3457 Unused Serialized files (Serialized files now loaded: 0)
System memory in use before: 168.8 MB.
System memory in use after: 169.0 MB.

Unloading 22 unused Assets to reduce memory usage. Loaded Objects now: 4359.
Total: 3.058400 ms (FindLiveObjects: 0.317400 ms CreateObjectMapping: 0.169700 ms MarkObjects: 2.515900 ms  DeleteObjects: 0.054600 ms)

========================================================================
Received Import Request.
  Time since last request: 336.628128 seconds.
  path: Assets/_Project/Resources/Prefabs/Buddeye.prefab
  artifactKey: Guid(394b4aa67c1630f449438bf21fd5120f) Importer(815301076,1909f56bfc062723c751e8b465ee728b)
Start importing Assets/_Project/Resources/Prefabs/Buddeye.prefab using Guid(394b4aa67c1630f449438bf21fd5120f) Importer(815301076,1909f56bfc062723c751e8b465ee728b)  -> (artifact id: 'ab778f0b32a33b25873ed303f88ffc8d') in 0.166210 seconds 
========================================================================
Received Import Request.
  Time since last request: 0.000185 seconds.
  path: Assets/_Project/Resources/Prefabs/Finless.prefab
  artifactKey: Guid(c23b8f0a8da822c4a83a0f49fed1f235) Importer(815301076,1909f56bfc062723c751e8b465ee728b)
Start importing Assets/_Project/Resources/Prefabs/Finless.prefab using Guid(c23b8f0a8da822c4a83a0f49fed1f235) Importer(815301076,1909f56bfc062723c751e8b465ee728b)  -> (artifact id: '257f09beebd23efcbcd8239b18dec056') in 0.010719 seconds 
========================================================================
Received Import Request.
  Time since last request: 3.964217 seconds.
  path: Assets/_Project/Resources/Prefabs/Finless.prefab
  artifactKey: Guid(c23b8f0a8da822c4a83a0f49fed1f235) Importer(815301076,1909f56bfc062723c751e8b465ee728b)
Start importing Assets/_Project/Resources/Prefabs/Finless.prefab using Guid(c23b8f0a8da822c4a83a0f49fed1f235) Importer(815301076,1909f56bfc062723c751e8b465ee728b)  -> (artifact id: '3cb67e8e8012e0da91daaf893e965ada') in 0.009097 seconds 
========================================================================
Received Prepare
Registering precompiled user dll's ...
Registered in 0.005512 seconds.
Begin MonoManager ReloadAssembly
Native extension for WindowsStandalone target not found
Refreshing native plugins compatible for Editor in 0.61 ms, found 1 plugins.
Preloading 0 native plugins for Editor in 0.00 ms.
Mono: successfully reloaded assembly
- Completed reload, in  1.006 seconds
Platform modules already initialized, skipping
Shader 'Universal Render Pipeline/Particles/Lit': fallback shader 'Universal Render Pipeline/Particles/SimpleLit' not found
Refreshing native plugins compatible for Editor in 0.63 ms, found 1 plugins.
Preloading 0 native plugins for Editor in 0.00 ms.
Unloading 3457 Unused Serialized files (Serialized files now loaded: 0)
System memory in use before: 168.9 MB.
System memory in use after: 169.2 MB.

Unloading 22 unused Assets to reduce memory usage. Loaded Objects now: 4401.
Total: 3.666800 ms (FindLiveObjects: 0.293800 ms CreateObjectMapping: 0.160800 ms MarkObjects: 3.142400 ms  DeleteObjects: 0.069200 ms)

========================================================================
Received Import Request.
  Time since last request: 21.833134 seconds.
  path: Assets/_Project/Resources/Prefabs/Finless.prefab
  artifactKey: Guid(c23b8f0a8da822c4a83a0f49fed1f235) Importer(815301076,1909f56bfc062723c751e8b465ee728b)
Start importing Assets/_Project/Resources/Prefabs/Finless.prefab using Guid(c23b8f0a8da822c4a83a0f49fed1f235) Importer(815301076,1909f56bfc062723c751e8b465ee728b)  -> (artifact id: '47b45063a41a50a3205fdd0ec9bddae5') in 0.154854 seconds 
========================================================================
Received Import Request.
  Time since last request: 0.000181 seconds.
  path: Assets/_Project/Resources/Prefabs/Buddeye.prefab
  artifactKey: Guid(394b4aa67c1630f449438bf21fd5120f) Importer(815301076,1909f56bfc062723c751e8b465ee728b)
Start importing Assets/_Project/Resources/Prefabs/Buddeye.prefab using Guid(394b4aa67c1630f449438bf21fd5120f) Importer(815301076,1909f56bfc062723c751e8b465ee728b)  -> (artifact id: 'd0627a8cb0cf070f8ccb89bc5ff816bc') in 0.018859 seconds 
========================================================================
Received Import Request.
  Time since last request: 0.000234 seconds.
  path: Assets/_Project/Resources/Prefabs/Finless.prefab
  artifactKey: Guid(c23b8f0a8da822c4a83a0f49fed1f235) Importer(815301076,1909f56bfc062723c751e8b465ee728b)
Start importing Assets/_Project/Resources/Prefabs/Finless.prefab using Guid(c23b8f0a8da822c4a83a0f49fed1f235) Importer(815301076,1909f56bfc062723c751e8b465ee728b)  -> (artifact id: '47b45063a41a50a3205fdd0ec9bddae5') in 0.009410 seconds 
========================================================================
Received Prepare
Registering precompiled user dll's ...
Registered in 0.005291 seconds.
Begin MonoManager ReloadAssembly
Native extension for WindowsStandalone target not found
Refreshing native plugins compatible for Editor in 0.60 ms, found 1 plugins.
Preloading 0 native plugins for Editor in 0.00 ms.
Mono: successfully reloaded assembly
- Completed reload, in  0.959 seconds
Platform modules already initialized, skipping
Shader 'Universal Render Pipeline/Particles/Lit': fallback shader 'Universal Render Pipeline/Particles/SimpleLit' not found
Refreshing native plugins compatible for Editor in 0.62 ms, found 1 plugins.
Preloading 0 native plugins for Editor in 0.00 ms.
Unloading 3457 Unused Serialized files (Serialized files now loaded: 0)
System memory in use before: 169.1 MB.
System memory in use after: 169.3 MB.

Unloading 22 unused Assets to reduce memory usage. Loaded Objects now: 4443.
Total: 3.424000 ms (FindLiveObjects: 0.296400 ms CreateObjectMapping: 0.159500 ms MarkObjects: 2.859100 ms  DeleteObjects: 0.108200 ms)

========================================================================
Received Prepare
Registering precompiled user dll's ...
Registered in 0.004987 seconds.
Begin MonoManager ReloadAssembly
Native extension for WindowsStandalone target not found
Refreshing native plugins compatible for Editor in 0.78 ms, found 1 plugins.
Preloading 0 native plugins for Editor in 0.00 ms.
Mono: successfully reloaded assembly
- Completed reload, in  0.970 seconds
Platform modules already initialized, skipping
Shader 'Universal Render Pipeline/Particles/Lit': fallback shader 'Universal Render Pipeline/Particles/SimpleLit' not found
Refreshing native plugins compatible for Editor in 0.67 ms, found 1 plugins.
Preloading 0 native plugins for Editor in 0.00 ms.
Unloading 3457 Unused Serialized files (Serialized files now loaded: 0)
System memory in use before: 169.1 MB.
System memory in use after: 169.3 MB.

Unloading 22 unused Assets to reduce memory usage. Loaded Objects now: 4449.
Total: 3.223700 ms (FindLiveObjects: 0.333200 ms CreateObjectMapping: 0.166200 ms MarkObjects: 2.668600 ms  DeleteObjects: 0.055100 ms)

========================================================================
Received Prepare
Registering precompiled user dll's ...
Registered in 0.423513 seconds.
Begin MonoManager ReloadAssembly
Native extension for WindowsStandalone target not found
Refreshing native plugins compatible for Editor in 0.61 ms, found 1 plugins.
Preloading 0 native plugins for Editor in 0.00 ms.
Mono: successfully reloaded assembly
- Completed reload, in  7.268 seconds
Platform modules already initialized, skipping
